<?xml version="1.0" encoding="UTF-8"?>
<testng-results skipped="0" failed="0" total="1" passed="1">
  <reporter-output>
  </reporter-output>
  <suite name="Default suite" duration-ms="19529" started-at="2020-01-16T05:43:47Z" finished-at="2020-01-16T05:44:07Z">
    <groups>
    </groups>
    <test name="Default test" duration-ms="19529" started-at="2020-01-16T05:43:47Z" finished-at="2020-01-16T05:44:07Z">
      <class name="com.maven_demo1.Drag_drop_actions">
        <test-method status="PASS" signature="launch_Browser()[pri:0, instance:com.maven_demo1.Drag_drop_actions@864e92]" name="launch_Browser" is-config="true" duration-ms="19116" started-at="2020-01-16T11:13:47Z" finished-at="2020-01-16T11:14:07Z">
          <reporter-output>
          </reporter-output>
        </test-method> <!-- launch_Browser -->
        <test-method status="PASS" signature="actions_demo2()[pri:0, instance:com.maven_demo1.Drag_drop_actions@864e92]" name="actions_demo2" duration-ms="392" started-at="2020-01-16T11:14:07Z" finished-at="2020-01-16T11:14:07Z">
          <reporter-output>
          </reporter-output>
        </test-method> <!-- actions_demo2 -->
      </class> <!-- com.maven_demo1.Drag_drop_actions -->
    </test> <!-- Default test -->
  </suite> <!-- Default suite -->
</testng-results>
